# JRE version: OpenJDK Runtime Environment (21.0.6) (build 21.0.6+-13368085-b895.109)
# Java VM: OpenJDK 64-Bit Server VM (21.0.6+-13368085-b895.109, mixed mode, tiered, compressed oops, compressed class ptrs, g1 gc, windows-amd64)
GC Precious Log:
 CardTable entry size: 512
 Card Set container configuration: InlinePtr #cards 5 size 8 Array Of Cards #cards 12 size 40 Howl #buckets 4 coarsen threshold 1843 Howl Bitmap #cards 512 size 80 coarsen threshold 460 Card regions per heap region 1 cards per card region 2048
 CPUs: 12 total, 12 available
 Memory: 6005M
 Large Page Support: Disabled
 NUMA Support: Disabled
 Compressed Oops: Enabled (32-bit)
 Heap Region Size: 1M
 Heap Min Capacity: 8M
 Heap Initial Capacity: 94M
 Heap Max Capacity: 2G
 Pre-touch: Disabled
 Parallel Workers: 10
 Concurrent Workers: 3
 Concurrent Refinement Workers: 10
 Periodic GC: Disabled
Heap:
 garbage-first heap   total 347136K, used 272176K [0x0000000080000000, 0x0000000100000000)
  region size 1024K, 51 young (52224K), 11 survivors (11264K)
 Metaspace       used 196918K, committed 199744K, reserved 622592K
  class space    used 25157K, committed 26560K, reserved 425984K
GC Heap History (20 events):
Event: 42.856 GC heap before
{Heap before GC invocations=63 (full 0):
 garbage-first heap   total 283648K, used 258134K [0x0000000080000000, 0x0000000100000000)
  region size 1024K, 88 young (90112K), 8 survivors (8192K)
 Metaspace       used 145398K, committed 147968K, reserved 557056K
  class space    used 19281K, committed 20544K, reserved 425984K
}
Event: 42.867 GC heap after
{Heap after GC invocations=64 (full 0):
 garbage-first heap   total 283648K, used 180932K [0x0000000080000000, 0x0000000100000000)
  region size 1024K, 6 young (6144K), 6 survivors (6144K)
 Metaspace       used 145398K, committed 147968K, reserved 557056K
  class space    used 19281K, committed 20544K, reserved 425984K
}
Event: 43.244 GC heap before
{Heap before GC invocations=64 (full 0):
 garbage-first heap   total 283648K, used 261828K [0x0000000080000000, 0x0000000100000000)
  region size 1024K, 85 young (87040K), 6 survivors (6144K)
 Metaspace       used 145412K, committed 147968K, reserved 557056K
  class space    used 19281K, committed 20544K, reserved 425984K
}
Event: 43.249 GC heap after
{Heap after GC invocations=65 (full 0):
 garbage-first heap   total 283648K, used 182253K [0x0000000080000000, 0x0000000100000000)
  region size 1024K, 7 young (7168K), 7 survivors (7168K)
 Metaspace       used 145412K, committed 147968K, reserved 557056K
  class space    used 19281K, committed 20544K, reserved 425984K
}
Event: 82.492 GC heap before
{Heap before GC invocations=66 (full 0):
 garbage-first heap   total 304128K, used 260077K [0x0000000080000000, 0x0000000100000000)
  region size 1024K, 83 young (84992K), 7 survivors (7168K)
 Metaspace       used 145743K, committed 148352K, reserved 557056K
  class space    used 19317K, committed 20608K, reserved 425984K
}
Event: 82.544 GC heap after
{Heap after GC invocations=67 (full 0):
 garbage-first heap   total 304128K, used 184239K [0x0000000080000000, 0x0000000100000000)
  region size 1024K, 7 young (7168K), 7 survivors (7168K)
 Metaspace       used 145743K, committed 148352K, reserved 557056K
  class space    used 19317K, committed 20608K, reserved 425984K
}
Event: 83.680 GC heap before
{Heap before GC invocations=67 (full 0):
 garbage-first heap   total 304128K, used 279471K [0x0000000080000000, 0x0000000100000000)
  region size 1024K, 101 young (103424K), 7 survivors (7168K)
 Metaspace       used 146301K, committed 148864K, reserved 557056K
  class space    used 19391K, committed 20672K, reserved 425984K
}
Event: 83.698 GC heap after
{Heap after GC invocations=68 (full 0):
 garbage-first heap   total 304128K, used 186195K [0x0000000080000000, 0x0000000100000000)
  region size 1024K, 13 young (13312K), 13 survivors (13312K)
 Metaspace       used 146301K, committed 148864K, reserved 557056K
  class space    used 19391K, committed 20672K, reserved 425984K
}
Event: 85.695 GC heap before
{Heap before GC invocations=68 (full 0):
 garbage-first heap   total 304128K, used 272211K [0x0000000080000000, 0x0000000100000000)
  region size 1024K, 98 young (100352K), 13 survivors (13312K)
 Metaspace       used 149694K, committed 152384K, reserved 622592K
  class space    used 19791K, committed 21120K, reserved 425984K
}
Event: 85.713 GC heap after
{Heap after GC invocations=69 (full 0):
 garbage-first heap   total 304128K, used 191040K [0x0000000080000000, 0x0000000100000000)
  region size 1024K, 6 young (6144K), 6 survivors (6144K)
 Metaspace       used 149694K, committed 152384K, reserved 622592K
  class space    used 19791K, committed 21120K, reserved 425984K
}
Event: 86.478 GC heap before
{Heap before GC invocations=70 (full 0):
 garbage-first heap   total 331776K, used 288320K [0x0000000080000000, 0x0000000100000000)
  region size 1024K, 92 young (94208K), 6 survivors (6144K)
 Metaspace       used 162766K, committed 165568K, reserved 622592K
  class space    used 20907K, committed 22272K, reserved 425984K
}
Event: 86.486 GC heap after
{Heap after GC invocations=71 (full 0):
 garbage-first heap   total 331776K, used 202811K [0x0000000080000000, 0x0000000100000000)
  region size 1024K, 11 young (11264K), 11 survivors (11264K)
 Metaspace       used 162766K, committed 165568K, reserved 622592K
  class space    used 20907K, committed 22272K, reserved 425984K
}
Event: 88.483 GC heap before
{Heap before GC invocations=71 (full 0):
 garbage-first heap   total 331776K, used 302139K [0x0000000080000000, 0x0000000100000000)
  region size 1024K, 107 young (109568K), 11 survivors (11264K)
 Metaspace       used 185632K, committed 188544K, reserved 622592K
  class space    used 23389K, committed 24832K, reserved 425984K
}
Event: 88.537 GC heap after
{Heap after GC invocations=72 (full 0):
 garbage-first heap   total 331776K, used 202752K [0x0000000080000000, 0x0000000100000000)
  region size 1024K, 10 young (10240K), 10 survivors (10240K)
 Metaspace       used 185632K, committed 188544K, reserved 622592K
  class space    used 23389K, committed 24832K, reserved 425984K
}
Event: 89.029 GC heap before
{Heap before GC invocations=72 (full 0):
 garbage-first heap   total 331776K, used 220160K [0x0000000080000000, 0x0000000100000000)
  region size 1024K, 29 young (29696K), 10 survivors (10240K)
 Metaspace       used 189337K, committed 192192K, reserved 622592K
  class space    used 24132K, committed 25536K, reserved 425984K
}
Event: 89.046 GC heap after
{Heap after GC invocations=73 (full 0):
 garbage-first heap   total 331776K, used 205209K [0x0000000080000000, 0x0000000100000000)
  region size 1024K, 5 young (5120K), 5 survivors (5120K)
 Metaspace       used 189337K, committed 192192K, reserved 622592K
  class space    used 24132K, committed 25536K, reserved 425984K
}
Event: 90.336 GC heap before
{Heap before GC invocations=74 (full 0):
 garbage-first heap   total 347136K, used 310681K [0x0000000080000000, 0x0000000100000000)
  region size 1024K, 104 young (106496K), 5 survivors (5120K)
 Metaspace       used 193920K, committed 196800K, reserved 622592K
  class space    used 24859K, committed 26304K, reserved 425984K
}
Event: 90.359 GC heap after
{Heap after GC invocations=75 (full 0):
 garbage-first heap   total 347136K, used 223800K [0x0000000080000000, 0x0000000100000000)
  region size 1024K, 13 young (13312K), 13 survivors (13312K)
 Metaspace       used 193920K, committed 196800K, reserved 622592K
  class space    used 24859K, committed 26304K, reserved 425984K
}
Event: 90.449 GC heap before
{Heap before GC invocations=75 (full 0):
 garbage-first heap   total 347136K, used 314936K [0x0000000080000000, 0x0000000100000000)
  region size 1024K, 102 young (104448K), 13 survivors (13312K)
 Metaspace       used 193995K, committed 196864K, reserved 622592K
  class space    used 24859K, committed 26304K, reserved 425984K
}
Event: 90.488 GC heap after
{Heap after GC invocations=76 (full 0):
 garbage-first heap   total 347136K, used 233264K [0x0000000080000000, 0x0000000100000000)
  region size 1024K, 11 young (11264K), 11 survivors (11264K)
 Metaspace       used 193995K, committed 196864K, reserved 622592K
  class space    used 24859K, committed 26304K, reserved 425984K
}

